<?xml version="1.0" encoding="UTF-8"?>
<testng-results ignored="0" total="1" passed="1" failed="0" skipped="0">
  <reporter-output>
  </reporter-output>
  <suite started-at="2026-01-21T00:06:39 IST" name="Default suite" finished-at="2026-01-21T00:06:57 IST" duration-ms="18239">
    <groups>
      <group name="cucumber">
        <method signature="TestNGRunner.runScenario(io.cucumber.testng.PickleWrapper,io.cucumber.testng.FeatureWrapper)[pri:0, instance:com.ui.api.automation.runner.TestNGRunner@24269709]" name="runScenario" class="com.ui.api.automation.runner.TestNGRunner"/>
      </group> <!-- cucumber -->
    </groups>
    <test started-at="2026-01-21T00:06:39 IST" name="Default test" finished-at="2026-01-21T00:06:57 IST" duration-ms="18239">
      <class name="com.ui.api.automation.runner.TestNGRunner">
        <test-method is-config="true" signature="setUpClass(org.testng.ITestContext)[pri:0, instance:com.ui.api.automation.runner.TestNGRunner@24269709]" started-at="2026-01-21T00:06:39 IST" name="setUpClass" finished-at="2026-01-21T00:06:41 IST" duration-ms="1639" status="PASS">
          <params>
            <param index="0">
              <value>
                <![CDATA[org.testng.TestRunner@37c2f0b4]]>
              </value>
            </param>
          </params>
          <reporter-output>
          </reporter-output>
        </test-method> <!-- setUpClass -->
        <test-method signature="runScenario(io.cucumber.testng.PickleWrapper,io.cucumber.testng.FeatureWrapper)[pri:0, instance:com.ui.api.automation.runner.TestNGRunner@24269709]" started-at="2026-01-21T00:06:41 IST" name="runScenario" description="Runs Cucumber Scenarios" data-provider="scenarios" finished-at="2026-01-21T00:06:55 IST" duration-ms="13701" status="PASS">
          <params>
            <param index="0">
              <value>
                <![CDATA["Billing Feature scenario - 1"]]>
              </value>
            </param>
            <param index="1">
              <value>
                <![CDATA["Billing Feature Testing"]]>
              </value>
            </param>
          </params>
          <reporter-output>
          </reporter-output>
        </test-method> <!-- runScenario -->
        <test-method is-config="true" signature="tearDownClass()[pri:0, instance:com.ui.api.automation.runner.TestNGRunner@24269709]" started-at="2026-01-21T00:06:55 IST" name="tearDownClass" finished-at="2026-01-21T00:06:57 IST" duration-ms="2797" status="PASS">
          <reporter-output>
          </reporter-output>
        </test-method> <!-- tearDownClass -->
      </class> <!-- com.ui.api.automation.runner.TestNGRunner -->
    </test> <!-- Default test -->
  </suite> <!-- Default suite -->
</testng-results>
